<?xml version="1.0" encoding="UTF-8"?>
<!-- Generated by org.testng.reporters.JUnitReportReporter -->
<testsuite skipped="0" hostname="Mds-MBP-2" name="pageobjectstests.ContactUsTest" tests="3" failures="0" timestamp="11 Mar 2021 01:54:03 GMT" time="51.022" errors="0">
  <testcase name="sendAMessageTest" time="7.698" classname="pageobjectstests.ContactUsTest"/>
  <testcase name="sendAMessageTest" time="23.885" classname="pageobjectstests.ContactUsTest"/>
  <testcase name="sendAMessageTest" time="19.439" classname="pageobjectstests.ContactUsTest"/>
</testsuite> <!-- pageobjectstests.ContactUsTest -->
