<?xml version="1.0" encoding="UTF-8"?>
<!-- Generated by org.testng.reporters.JUnitReportReporter -->
<testsuite skipped="0" hostname="Mds-MBP-2" name="pageobjectstests.ContactUsTest" tests="1" failures="0" timestamp="04 Mar 2021 02:39:59 GMT" time="5.740" errors="0">
  <testcase name="sendAMessageTest" time="5.740" classname="pageobjectstests.ContactUsTest"/>
</testsuite> <!-- pageobjectstests.ContactUsTest -->
