<?xml version="1.0" encoding="UTF-8"?>
<!-- Generated by org.testng.reporters.JUnitReportReporter -->
<testsuite skipped="0" hostname="Mds-MBP-2" name="pageobjectstests.HomePageTest" tests="1" failures="0" timestamp="09 Mar 2021 01:03:33 GMT" time="5.235" errors="0">
  <testcase name="searchTest" time="5.235" classname="pageobjectstests.HomePageTest"/>
</testsuite> <!-- pageobjectstests.HomePageTest -->
