<?xml version="1.0" encoding="UTF-8"?>
<!-- Generated by org.testng.reporters.JUnitReportReporter -->
<testsuite skipped="0" hostname="Mds-MBP-2" name="pageobjectstests.HomePageTest" tests="1" failures="0" timestamp="11 Mar 2021 01:54:03 GMT" time="7.789" errors="0">
  <testcase name="searchTest" time="7.789" classname="pageobjectstests.HomePageTest"/>
</testsuite> <!-- pageobjectstests.HomePageTest -->
