<?xml version="1.0" encoding="UTF-8"?>
<!-- Generated by org.testng.reporters.JUnitReportReporter -->
<testsuite skipped="0" hostname="Mds-MBP-2" name="pageobjectstests.ContactUsTest" tests="1" failures="0" timestamp="09 Mar 2021 01:03:33 GMT" time="5.229" errors="0">
  <testcase name="sendAMessageTest" time="5.229" classname="pageobjectstests.ContactUsTest"/>
</testsuite> <!-- pageobjectstests.ContactUsTest -->
